<?xml version="1.0" encoding="UTF-8"?>
<testng-results skipped="0" failed="0" ignored="0" total="1" passed="1">
  <reporter-output>
  </reporter-output>
  <suite name="Default suite" duration-ms="319" started-at="2021-09-03T09:39:03Z" finished-at="2021-09-03T09:39:04Z">
    <groups>
    </groups>
    <test name="Default test" duration-ms="319" started-at="2021-09-03T09:39:03Z" finished-at="2021-09-03T09:39:04Z">
      <class name="javaProgram.Apache_POI_Test">
        <test-method status="PASS" signature="run_excel()[pri:0, instance:javaProgram.Apache_POI_Test@57175e74]" name="run_excel" duration-ms="293" started-at="2021-09-03T09:39:03Z" finished-at="2021-09-03T09:39:04Z">
          <reporter-output>
          </reporter-output>
        </test-method> <!-- run_excel -->
      </class> <!-- javaProgram.Apache_POI_Test -->
    </test> <!-- Default test -->
  </suite> <!-- Default suite -->
</testng-results>
