<?xml version="1.0" encoding="UTF-8"?>
<!-- Generated by org.testng.reporters.JUnitXMLReporter -->
<testsuite hostname="LAB_04_18" ignored="0" name="ChromeTest" tests="1" failures="0" timestamp="02 Sep 2021 12:27:48 GMT" time="8.088" errors="0">
  <testcase name="@BeforeTest LaunchBrowser" time="8.05" classname="javaProgram.ParametersExample">
    <failure type="java.lang.Exception" message="Browser is not correct">
      <![CDATA[java.lang.Exception: Browser is not correct
at javaProgram.ParametersExample.LaunchBrowser(ParametersExample.java:45)
at java.util.concurrent.FutureTask.run(Unknown Source)
at java.util.concurrent.ThreadPoolExecutor.runWorker(Unknown Source)
at java.util.concurrent.ThreadPoolExecutor$Worker.run(Unknown Source)
at java.lang.Thread.run(Unknown Source)
... Removed 15 stack frames]]>
    </failure>
  </testcase> <!-- @BeforeTest LaunchBrowser -->
  <testcase name="@AfterTest CloseBrowser" time="0.0" classname="javaProgram.ParametersExample">
    <skipped/>
  </testcase> <!-- @AfterTest CloseBrowser -->
  <testcase name="OrangeHRM_Login" time="0.0" classname="javaProgram.ParametersExample">
    <skipped/>
  </testcase> <!-- OrangeHRM_Login -->
</testsuite> <!-- ChromeTest -->
