<?xml version="1.0" encoding="UTF-8"?>
<!-- Generated by org.testng.reporters.JUnitXMLReporter -->
<testsuite hostname="LAB_04_18" ignored="0" name="IETest" tests="1" failures="1" timestamp="02 Sep 2021 12:18:21 GMT" time="0.053" errors="0">
  <testcase name="@AfterTest CloseBrowser" time="0.0" classname="javaProgram.ParametersExample">
    <failure type="java.lang.NullPointerException">
      <![CDATA[java.lang.NullPointerException
at javaProgram.ParametersExample.CloseBrowser(ParametersExample.java:58)
at java.util.concurrent.FutureTask.run(Unknown Source)
at java.util.concurrent.ThreadPoolExecutor.runWorker(Unknown Source)
at java.util.concurrent.ThreadPoolExecutor$Worker.run(Unknown Source)
at java.lang.Thread.run(Unknown Source)
... Removed 15 stack frames]]>
    </failure>
  </testcase> <!-- @AfterTest CloseBrowser -->
  <testcase name="OrangeHRM_Login" time="0.01" classname="javaProgram.ParametersExample">
    <failure type="java.lang.NullPointerException">
      <![CDATA[java.lang.NullPointerException
at javaProgram.ParametersExample.OrangeHRM_Login(ParametersExample.java:45)
at java.util.concurrent.FutureTask.run(Unknown Source)
at java.util.concurrent.ThreadPoolExecutor.runWorker(Unknown Source)
at java.util.concurrent.ThreadPoolExecutor$Worker.run(Unknown Source)
at java.lang.Thread.run(Unknown Source)
... Removed 16 stack frames]]>
    </failure>
  </testcase> <!-- OrangeHRM_Login -->
</testsuite> <!-- IETest -->
